<?xml version="1.0" encoding="UTF-8"?>
<!-- Generated by org.testng.reporters.JUnitXMLReporter -->
<testsuite ignored="0" hostname="DESKTOP-EM38F1O" failures="1" tests="2" name="Test" time="30.581" errors="0" timestamp="21 Oct 2020 06:28:51 GMT">
  <testcase classname="com.aem_galen_automation.ebay_Small" name="homePageLayoutTest" time="9.097">
    <failure type="java.lang.AssertionError">
      <![CDATA[java.lang.AssertionError: 
	at com.aem_galen_automation.ebay_Small.homePageLayoutTest(ebay_Small.java:56)
... Removed 31 stack frames]]>
    </failure>
  </testcase> <!-- homePageLayoutTest -->
  <testcase classname="com.aem_galen_automation.ebay_Large" name="homePageLayoutTest" time="11.416"/>
</testsuite> <!-- Test -->
