<?xml version="1.0" encoding="UTF-8"?>
<testng-results ignored="0" total="2" passed="1" failed="1" skipped="0">
  <reporter-output>
  </reporter-output>
  <suite started-at="2020-10-21T06:28:21Z" name="Suite" finished-at="2020-10-21T06:28:51Z" duration-ms="30581">
    <groups>
    </groups>
    <test started-at="2020-10-21T06:28:21Z" name="Test" finished-at="2020-10-21T06:28:51Z" duration-ms="30581">
      <class name="com.aem_galen_automation.ebay_Large">
        <test-method signature="homePageLayoutTest()[pri:0, instance:com.aem_galen_automation.ebay_Large@3e11f9e9]" started-at="2020-10-21T17:28:40Z" name="homePageLayoutTest" finished-at="2020-10-21T17:28:51Z" duration-ms="11416" status="PASS">
          <reporter-output>
          </reporter-output>
        </test-method> <!-- homePageLayoutTest -->
      </class> <!-- com.aem_galen_automation.ebay_Large -->
      <class name="com.aem_galen_automation.ebay_Small">
        <test-method is-config="true" signature="setUp()[pri:0, instance:com.aem_galen_automation.ebay_Small@6404f418]" started-at="2020-10-21T17:28:21Z" name="setUp" finished-at="2020-10-21T17:28:29Z" duration-ms="8615" status="PASS">
          <reporter-output>
          </reporter-output>
        </test-method> <!-- setUp -->
        <test-method signature="homePageLayoutTest()[pri:0, instance:com.aem_galen_automation.ebay_Small@6404f418]" started-at="2020-10-21T17:28:29Z" name="homePageLayoutTest" finished-at="2020-10-21T17:28:39Z" duration-ms="9097" status="FAIL">
          <exception class="java.lang.AssertionError">
            <full-stacktrace>
              <![CDATA[java.lang.AssertionError: 
	at org.testng.AssertJUnit.fail(AssertJUnit.java:59)
	at org.testng.AssertJUnit.fail(AssertJUnit.java:66)
	at com.aem_galen_automation.ebay_Small.homePageLayoutTest(ebay_Small.java:56)
	at java.base/jdk.internal.reflect.NativeMethodAccessorImpl.invoke0(Native Method)
	at java.base/jdk.internal.reflect.NativeMethodAccessorImpl.invoke(NativeMethodAccessorImpl.java:62)
	at java.base/jdk.internal.reflect.DelegatingMethodAccessorImpl.invoke(DelegatingMethodAccessorImpl.java:43)
	at java.base/java.lang.reflect.Method.invoke(Method.java:564)
	at org.testng.internal.MethodInvocationHelper.invokeMethod(MethodInvocationHelper.java:104)
	at org.testng.internal.Invoker.invokeMethod(Invoker.java:645)
	at org.testng.internal.Invoker.invokeTestMethod(Invoker.java:851)
	at org.testng.internal.Invoker.invokeTestMethods(Invoker.java:1177)
	at org.testng.internal.TestMethodWorker.invokeTestMethods(TestMethodWorker.java:129)
	at org.testng.internal.TestMethodWorker.run(TestMethodWorker.java:112)
	at org.testng.TestRunner.privateRun(TestRunner.java:756)
	at org.testng.TestRunner.run(TestRunner.java:610)
	at org.testng.SuiteRunner.runTest(SuiteRunner.java:387)
	at org.testng.SuiteRunner.runSequentially(SuiteRunner.java:382)
	at org.testng.SuiteRunner.privateRun(SuiteRunner.java:340)
	at org.testng.SuiteRunner.run(SuiteRunner.java:289)
	at org.testng.SuiteRunnerWorker.runSuite(SuiteRunnerWorker.java:52)
	at org.testng.SuiteRunnerWorker.run(SuiteRunnerWorker.java:86)
	at org.testng.TestNG.runSuitesSequentially(TestNG.java:1293)
	at org.testng.TestNG.runSuitesLocally(TestNG.java:1218)
	at org.testng.TestNG.runSuites(TestNG.java:1133)
	at org.testng.TestNG.run(TestNG.java:1104)
	at org.apache.maven.surefire.testng.TestNGExecutor.run(TestNGExecutor.java:283)
	at org.apache.maven.surefire.testng.TestNGXmlTestSuite.execute(TestNGXmlTestSuite.java:75)
	at org.apache.maven.surefire.testng.TestNGProvider.invoke(TestNGProvider.java:120)
	at org.apache.maven.surefire.booter.ForkedBooter.runSuitesInProcess(ForkedBooter.java:377)
	at org.apache.maven.surefire.booter.ForkedBooter.execute(ForkedBooter.java:138)
	at org.apache.maven.surefire.booter.ForkedBooter.run(ForkedBooter.java:465)
	at org.apache.maven.surefire.booter.ForkedBooter.main(ForkedBooter.java:451)
]]>
            </full-stacktrace>
          </exception> <!-- java.lang.AssertionError -->
          <reporter-output>
          </reporter-output>
        </test-method> <!-- homePageLayoutTest -->
        <test-method is-config="true" signature="tearDown()[pri:0, instance:com.aem_galen_automation.ebay_Small@6404f418]" started-at="2020-10-21T17:28:39Z" name="tearDown" finished-at="2020-10-21T17:28:40Z" duration-ms="1415" status="PASS">
          <reporter-output>
          </reporter-output>
        </test-method> <!-- tearDown -->
      </class> <!-- com.aem_galen_automation.ebay_Small -->
    </test> <!-- Test -->
  </suite> <!-- Suite -->
</testng-results>
